This file contains any messages produced by compilers while
running configure, to aid debugging if configure makes a mistake.

It was created by chan_dongle configure 1.1, which was
generated by GNU Autoconf 2.69.  Invocation command line was

  $ ./configure 

## --------- ##
## Platform. ##
## --------- ##

hostname = g2
uname -m = i686
uname -r = 4.4.0-62-lowlatency
uname -s = Linux
uname -v = #83-Ubuntu SMP PREEMPT Wed Jan 18 15:14:19 UTC 2017

/usr/bin/uname -p = unknown
/bin/uname -X     = unknown

/bin/arch              = unknown
/usr/bin/arch -k       = unknown
/usr/convex/getsysinfo = unknown
/usr/bin/hostinfo      = unknown
/bin/machine           = unknown
/usr/bin/oslevel       = unknown
/bin/universe          = unknown

PATH: /usr/local/sbin
PATH: /usr/local/bin
PATH: /usr/sbin
PATH: /usr/bin
PATH: /sbin
PATH: /bin
PATH: /usr/games
PATH: /usr/local/games
PATH: /snap/bin


## ----------- ##
## Core tests. ##
## ----------- ##

configure:2334: checking build system type
configure:2348: result: i686-pc-linux-gnu
configure:2368: checking host system type
configure:2381: result: i686-pc-linux-gnu
configure:2401: checking target system type
configure:2414: result: i686-pc-linux-gnu
configure:2456: checking for a BSD-compatible install
configure:2524: result: /usr/bin/install -c
configure:2535: checking whether build environment is sane
configure:2590: result: yes
configure:2628: WARNING: 'missing' script is too old or missing
configure:2741: checking for a thread-safe mkdir -p
configure:2780: result: /bin/mkdir -p
configure:2787: checking for gawk
configure:2803: found /usr/bin/gawk
configure:2814: result: gawk
configure:2825: checking whether make sets $(MAKE)
configure:2847: result: yes
configure:2876: checking whether make supports nested variables
configure:2893: result: yes
configure:3177: checking for C compiler version
configure:3186: gcc-4.8 --version >&5
gcc-4.8 (Ubuntu 4.8.5-4ubuntu2) 4.8.5
Copyright (C) 2015 Free Software Foundation, Inc.
This is free software; see the source for copying conditions.  There is NO
warranty; not even for MERCHANTABILITY or FITNESS FOR A PARTICULAR PURPOSE.

configure:3197: $? = 0
configure:3186: gcc-4.8 -v >&5
Using built-in specs.
COLLECT_GCC=gcc-4.8
COLLECT_LTO_WRAPPER=/usr/lib/gcc/i686-linux-gnu/4.8/lto-wrapper
Target: i686-linux-gnu
Configured with: ../src/configure -v --with-pkgversion='Ubuntu 4.8.5-4ubuntu2' --with-bugurl=file:///usr/share/doc/gcc-4.8/README.Bugs --enable-languages=c,c++,java,go,d,fortran,objc,obj-c++ --prefix=/usr --program-suffix=-4.8 --enable-shared --enable-linker-build-id --libexecdir=/usr/lib --without-included-gettext --enable-threads=posix --with-gxx-include-dir=/usr/include/c++/4.8 --libdir=/usr/lib --enable-nls --with-sysroot=/ --enable-clocale=gnu --enable-libstdcxx-debug --enable-libstdcxx-time=yes --enable-gnu-unique-object --disable-libmudflap --enable-plugin --with-system-zlib --disable-browser-plugin --enable-java-awt=gtk --enable-gtk-cairo --with-java-home=/usr/lib/jvm/java-1.5.0-gcj-4.8-i386/jre --enable-java-home --with-jvm-root-dir=/usr/lib/jvm/java-1.5.0-gcj-4.8-i386 --with-jvm-jar-dir=/usr/lib/jvm-exports/java-1.5.0-gcj-4.8-i386 --with-arch-directory=i386 --with-ecj-jar=/usr/share/java/eclipse-ecj.jar --enable-objc-gc --enable-targets=all --enable-multiarch --disable-werror --with-arch-32=i686 --with-multilib-list=m32,m64,mx32 --with-tune=generic --enable-checking=release --build=i686-linux-gnu --host=i686-linux-gnu --target=i686-linux-gnu
Thread model: posix
gcc version 4.8.5 (Ubuntu 4.8.5-4ubuntu2) 
configure:3197: $? = 0
configure:3186: gcc-4.8 -V >&5
gcc-4.8: error: unrecognized command line option '-V'
gcc-4.8: fatal error: no input files
compilation terminated.
configure:3197: $? = 4
configure:3186: gcc-4.8 -qversion >&5
gcc-4.8: error: unrecognized command line option '-qversion'
gcc-4.8: fatal error: no input files
compilation terminated.
configure:3197: $? = 4
configure:3217: checking whether the C compiler works
configure:3239: gcc-4.8   -D_GNU_SOURCE  conftest.c  >&5
configure:3243: $? = 0
configure:3291: result: yes
configure:3294: checking for C compiler default output file name
configure:3296: result: a.out
configure:3302: checking for suffix of executables
configure:3309: gcc-4.8 -o conftest   -D_GNU_SOURCE  conftest.c  >&5
configure:3313: $? = 0
configure:3335: result: 
configure:3357: checking whether we are cross compiling
configure:3365: gcc-4.8 -o conftest   -D_GNU_SOURCE  conftest.c  >&5
configure:3369: $? = 0
configure:3376: ./conftest
configure:3380: $? = 0
configure:3395: result: no
configure:3400: checking for suffix of object files
configure:3422: gcc-4.8 -c   -D_GNU_SOURCE conftest.c >&5
configure:3426: $? = 0
configure:3447: result: o
configure:3451: checking whether we are using the GNU C compiler
configure:3470: gcc-4.8 -c   -D_GNU_SOURCE conftest.c >&5
configure:3470: $? = 0
configure:3479: result: yes
configure:3488: checking whether gcc-4.8 accepts -g
configure:3508: gcc-4.8 -c -g  -D_GNU_SOURCE conftest.c >&5
configure:3508: $? = 0
configure:3549: result: yes
configure:3566: checking for gcc-4.8 option to accept ISO C89
configure:3629: gcc-4.8  -c -g -O2  -D_GNU_SOURCE conftest.c >&5
configure:3629: $? = 0
configure:3642: result: none needed
configure:3667: checking whether gcc-4.8 understands -c and -o together
configure:3689: gcc-4.8 -c conftest.c -o conftest2.o
configure:3692: $? = 0
configure:3689: gcc-4.8 -c conftest.c -o conftest2.o
configure:3692: $? = 0
configure:3704: result: yes
configure:3732: checking for style of include used by make
configure:3760: result: GNU
configure:3786: checking dependency style of gcc-4.8
configure:3897: result: none
configure:3917: checking how to run the C preprocessor
configure:3948: gcc-4.8 -E  -D_GNU_SOURCE conftest.c
configure:3948: $? = 0
configure:3962: gcc-4.8 -E  -D_GNU_SOURCE conftest.c
conftest.c:11:28: fatal error: ac_nonexistent.h: No such file or directory
 #include <ac_nonexistent.h>
                            ^
compilation terminated.
configure:3962: $? = 1
configure: failed program was:
| /* confdefs.h */
| #define PACKAGE_NAME "chan_dongle"
| #define PACKAGE_TARNAME "chan_dongle"
| #define PACKAGE_VERSION "1.1"
| #define PACKAGE_STRING "chan_dongle 1.1"
| #define PACKAGE_BUGREPORT "http://code.google.com/p/asterisk-chan-dongle/issues/list"
| #define PACKAGE_URL "http://code.google.com/p/asterisk-chan-dongle"
| #define PACKAGE "chan_dongle"
| #define VERSION "1.1"
| /* end confdefs.h.  */
| #include <ac_nonexistent.h>
configure:3987: result: gcc-4.8 -E
configure:4007: gcc-4.8 -E  -D_GNU_SOURCE conftest.c
configure:4007: $? = 0
configure:4021: gcc-4.8 -E  -D_GNU_SOURCE conftest.c
conftest.c:11:28: fatal error: ac_nonexistent.h: No such file or directory
 #include <ac_nonexistent.h>
                            ^
compilation terminated.
configure:4021: $? = 1
configure: failed program was:
| /* confdefs.h */
| #define PACKAGE_NAME "chan_dongle"
| #define PACKAGE_TARNAME "chan_dongle"
| #define PACKAGE_VERSION "1.1"
| #define PACKAGE_STRING "chan_dongle 1.1"
| #define PACKAGE_BUGREPORT "http://code.google.com/p/asterisk-chan-dongle/issues/list"
| #define PACKAGE_URL "http://code.google.com/p/asterisk-chan-dongle"
| #define PACKAGE "chan_dongle"
| #define VERSION "1.1"
| /* end confdefs.h.  */
| #include <ac_nonexistent.h>
configure:4053: checking for strip
configure:4069: found /usr/bin/strip
configure:4080: result: strip
configure:4093: checking for rm
configure:4109: found /bin/rm
configure:4120: result: rm
configure:4133: checking for library containing iconv
configure:4164: gcc-4.8 -o conftest -g -O2  -D_GNU_SOURCE  conftest.c  >&5
configure:4164: $? = 0
configure:4181: result: none required
configure:4191: checking for grep that handles long lines and -e
configure:4249: result: /bin/grep
configure:4254: checking for egrep
configure:4316: result: /bin/grep -E
configure:4321: checking for ANSI C header files
configure:4341: gcc-4.8 -c -g -O2  -D_GNU_SOURCE conftest.c >&5
configure:4341: $? = 0
configure:4414: gcc-4.8 -o conftest -g -O2  -D_GNU_SOURCE  conftest.c  >&5
configure:4414: $? = 0
configure:4414: ./conftest
configure:4414: $? = 0
configure:4425: result: yes
configure:4438: checking for sys/types.h
configure:4438: gcc-4.8 -c -g -O2  -D_GNU_SOURCE conftest.c >&5
configure:4438: $? = 0
configure:4438: result: yes
configure:4438: checking for sys/stat.h
configure:4438: gcc-4.8 -c -g -O2  -D_GNU_SOURCE conftest.c >&5
configure:4438: $? = 0
configure:4438: result: yes
configure:4438: checking for stdlib.h
configure:4438: gcc-4.8 -c -g -O2  -D_GNU_SOURCE conftest.c >&5
configure:4438: $? = 0
configure:4438: result: yes
configure:4438: checking for string.h
configure:4438: gcc-4.8 -c -g -O2  -D_GNU_SOURCE conftest.c >&5
configure:4438: $? = 0
configure:4438: result: yes
configure:4438: checking for memory.h
configure:4438: gcc-4.8 -c -g -O2  -D_GNU_SOURCE conftest.c >&5
configure:4438: $? = 0
configure:4438: result: yes
configure:4438: checking for strings.h
configure:4438: gcc-4.8 -c -g -O2  -D_GNU_SOURCE conftest.c >&5
configure:4438: $? = 0
configure:4438: result: yes
configure:4438: checking for inttypes.h
configure:4438: gcc-4.8 -c -g -O2  -D_GNU_SOURCE conftest.c >&5
configure:4438: $? = 0
configure:4438: result: yes
configure:4438: checking for stdint.h
configure:4438: gcc-4.8 -c -g -O2  -D_GNU_SOURCE conftest.c >&5
configure:4438: $? = 0
configure:4438: result: yes
configure:4438: checking for unistd.h
configure:4438: gcc-4.8 -c -g -O2  -D_GNU_SOURCE conftest.c >&5
configure:4438: $? = 0
configure:4438: result: yes
configure:4453: checking fcntl.h usability
configure:4453: gcc-4.8 -c -g -O2  -D_GNU_SOURCE conftest.c >&5
configure:4453: $? = 0
configure:4453: result: yes
configure:4453: checking fcntl.h presence
configure:4453: gcc-4.8 -E  -D_GNU_SOURCE conftest.c
configure:4453: $? = 0
configure:4453: result: yes
configure:4453: checking for fcntl.h
configure:4453: result: yes
configure:4453: checking for stdlib.h
configure:4453: result: yes
configure:4453: checking for string.h
configure:4453: result: yes
configure:4453: checking sys/time.h usability
configure:4453: gcc-4.8 -c -g -O2  -D_GNU_SOURCE conftest.c >&5
configure:4453: $? = 0
configure:4453: result: yes
configure:4453: checking sys/time.h presence
configure:4453: gcc-4.8 -E  -D_GNU_SOURCE conftest.c
configure:4453: $? = 0
configure:4453: result: yes
configure:4453: checking for sys/time.h
configure:4453: result: yes
configure:4453: checking termios.h usability
configure:4453: gcc-4.8 -c -g -O2  -D_GNU_SOURCE conftest.c >&5
configure:4453: $? = 0
configure:4453: result: yes
configure:4453: checking termios.h presence
configure:4453: gcc-4.8 -E  -D_GNU_SOURCE conftest.c
configure:4453: $? = 0
configure:4453: result: yes
configure:4453: checking for termios.h
configure:4453: result: yes
configure:4468: checking whether asterisk.h in ../include
configure:4484: result: no
configure:4468: checking whether asterisk.h in /usr/include
configure:4473: result: yes
configure:4476: checking asterisk.h usability
configure:4476: gcc-4.8 -c -g -O2  -D_GNU_SOURCE -I/usr/include conftest.c >&5
configure:4476: $? = 0
configure:4476: result: yes
configure:4476: checking asterisk.h presence
configure:4476: gcc-4.8 -E  -D_GNU_SOURCE -I/usr/include conftest.c
configure:4476: $? = 0
configure:4476: result: yes
configure:4476: checking for asterisk.h
configure:4476: result: yes
configure:4496: checking whether iconv.h in /usr/include
configure:4501: result: yes
configure:4504: checking iconv.h usability
configure:4504: gcc-4.8 -c -g -O2  -D_GNU_SOURCE -I/usr/include -I/usr/include conftest.c >&5
configure:4504: $? = 0
configure:4504: result: yes
configure:4504: checking iconv.h presence
configure:4504: gcc-4.8 -E  -D_GNU_SOURCE -I/usr/include -I/usr/include conftest.c
configure:4504: $? = 0
configure:4504: result: yes
configure:4504: checking for iconv.h
configure:4504: result: yes
configure:4525: checking for iconv use const inbuf
configure:4541: result: no
configure:4548: checking for iconv_t in iconv.h
configure:4560: result: yes
configure:4576: checking for AST_CONTROL_SRCCHANGE in asterisk/frame.h
configure:4589: result: yes
configure:4602: checking for an ANSI C-conforming const
configure:4668: gcc-4.8 -c -g -O2  -D_GNU_SOURCE -I/usr/include -I/usr/include conftest.c >&5
configure:4668: $? = 0
configure:4675: result: yes
configure:4683: checking for inline
configure:4699: gcc-4.8 -c -g -O2  -D_GNU_SOURCE -I/usr/include -I/usr/include conftest.c >&5
configure:4699: $? = 0
configure:4707: result: inline
configure:4725: checking for size_t
configure:4725: gcc-4.8 -c -g -O2  -D_GNU_SOURCE -I/usr/include -I/usr/include conftest.c >&5
configure:4725: $? = 0
configure:4725: gcc-4.8 -c -g -O2  -D_GNU_SOURCE -I/usr/include -I/usr/include conftest.c >&5
conftest.c: In function 'main':
conftest.c:65:21: error: expected expression before ')' token
 if (sizeof ((size_t)))
                     ^
configure:4725: $? = 1
configure: failed program was:
| /* confdefs.h */
| #define PACKAGE_NAME "chan_dongle"
| #define PACKAGE_TARNAME "chan_dongle"
| #define PACKAGE_VERSION "1.1"
| #define PACKAGE_STRING "chan_dongle 1.1"
| #define PACKAGE_BUGREPORT "http://code.google.com/p/asterisk-chan-dongle/issues/list"
| #define PACKAGE_URL "http://code.google.com/p/asterisk-chan-dongle"
| #define PACKAGE "chan_dongle"
| #define VERSION "1.1"
| #define STDC_HEADERS 1
| #define HAVE_SYS_TYPES_H 1
| #define HAVE_SYS_STAT_H 1
| #define HAVE_STDLIB_H 1
| #define HAVE_STRING_H 1
| #define HAVE_MEMORY_H 1
| #define HAVE_STRINGS_H 1
| #define HAVE_INTTYPES_H 1
| #define HAVE_STDINT_H 1
| #define HAVE_UNISTD_H 1
| #define HAVE_FCNTL_H 1
| #define HAVE_STDLIB_H 1
| #define HAVE_STRING_H 1
| #define HAVE_SYS_TIME_H 1
| #define HAVE_TERMIOS_H 1
| #define ICONV_CONST /**/
| #define ICONV_T iconv_t
| #define HAVE_AST_CONTROL_SRCCHANGE /**/
| /* end confdefs.h.  */
| #include <stdio.h>
| #ifdef HAVE_SYS_TYPES_H
| # include <sys/types.h>
| #endif
| #ifdef HAVE_SYS_STAT_H
| # include <sys/stat.h>
| #endif
| #ifdef STDC_HEADERS
| # include <stdlib.h>
| # include <stddef.h>
| #else
| # ifdef HAVE_STDLIB_H
| #  include <stdlib.h>
| # endif
| #endif
| #ifdef HAVE_STRING_H
| # if !defined STDC_HEADERS && defined HAVE_MEMORY_H
| #  include <memory.h>
| # endif
| # include <string.h>
| #endif
| #ifdef HAVE_STRINGS_H
| # include <strings.h>
| #endif
| #ifdef HAVE_INTTYPES_H
| # include <inttypes.h>
| #endif
| #ifdef HAVE_STDINT_H
| # include <stdint.h>
| #endif
| #ifdef HAVE_UNISTD_H
| # include <unistd.h>
| #endif
| int
| main ()
| {
| if (sizeof ((size_t)))
| 	    return 0;
|   ;
|   return 0;
| }
configure:4725: result: yes
configure:4736: checking for ssize_t
configure:4736: gcc-4.8 -c -g -O2  -D_GNU_SOURCE -I/usr/include -I/usr/include conftest.c >&5
configure:4736: $? = 0
configure:4736: gcc-4.8 -c -g -O2  -D_GNU_SOURCE -I/usr/include -I/usr/include conftest.c >&5
conftest.c: In function 'main':
conftest.c:65:22: error: expected expression before ')' token
 if (sizeof ((ssize_t)))
                      ^
configure:4736: $? = 1
configure: failed program was:
| /* confdefs.h */
| #define PACKAGE_NAME "chan_dongle"
| #define PACKAGE_TARNAME "chan_dongle"
| #define PACKAGE_VERSION "1.1"
| #define PACKAGE_STRING "chan_dongle 1.1"
| #define PACKAGE_BUGREPORT "http://code.google.com/p/asterisk-chan-dongle/issues/list"
| #define PACKAGE_URL "http://code.google.com/p/asterisk-chan-dongle"
| #define PACKAGE "chan_dongle"
| #define VERSION "1.1"
| #define STDC_HEADERS 1
| #define HAVE_SYS_TYPES_H 1
| #define HAVE_SYS_STAT_H 1
| #define HAVE_STDLIB_H 1
| #define HAVE_STRING_H 1
| #define HAVE_MEMORY_H 1
| #define HAVE_STRINGS_H 1
| #define HAVE_INTTYPES_H 1
| #define HAVE_STDINT_H 1
| #define HAVE_UNISTD_H 1
| #define HAVE_FCNTL_H 1
| #define HAVE_STDLIB_H 1
| #define HAVE_STRING_H 1
| #define HAVE_SYS_TIME_H 1
| #define HAVE_TERMIOS_H 1
| #define ICONV_CONST /**/
| #define ICONV_T iconv_t
| #define HAVE_AST_CONTROL_SRCCHANGE /**/
| /* end confdefs.h.  */
| #include <stdio.h>
| #ifdef HAVE_SYS_TYPES_H
| # include <sys/types.h>
| #endif
| #ifdef HAVE_SYS_STAT_H
| # include <sys/stat.h>
| #endif
| #ifdef STDC_HEADERS
| # include <stdlib.h>
| # include <stddef.h>
| #else
| # ifdef HAVE_STDLIB_H
| #  include <stdlib.h>
| # endif
| #endif
| #ifdef HAVE_STRING_H
| # if !defined STDC_HEADERS && defined HAVE_MEMORY_H
| #  include <memory.h>
| # endif
| # include <string.h>
| #endif
| #ifdef HAVE_STRINGS_H
| # include <strings.h>
| #endif
| #ifdef HAVE_INTTYPES_H
| # include <inttypes.h>
| #endif
| #ifdef HAVE_STDINT_H
| # include <stdint.h>
| #endif
| #ifdef HAVE_UNISTD_H
| # include <unistd.h>
| #endif
| int
| main ()
| {
| if (sizeof ((ssize_t)))
| 	    return 0;
|   ;
|   return 0;
| }
configure:4736: result: yes
configure:4747: checking for uint64_t
configure:4747: gcc-4.8 -c -g -O2  -D_GNU_SOURCE -I/usr/include -I/usr/include conftest.c >&5
configure:4747: $? = 0
configure:4747: result: yes
configure:4768: checking whether CC supports -fvisibility=hidden
configure:4781: gcc-4.8 -c -fvisibility=hidden  -D_GNU_SOURCE -I/usr/include -I/usr/include conftest.c >&5
configure:4781: $? = 0
configure:4782: result: yes
configure:4799: checking whether CC supports -fPIC
configure:4812: gcc-4.8 -c -fPIC  -D_GNU_SOURCE -I/usr/include -I/usr/include conftest.c >&5
configure:4812: $? = 0
configure:4813: result: yes
configure:4827: checking whether CC supports -Wall
configure:4840: gcc-4.8 -c -Wall  -D_GNU_SOURCE -I/usr/include -I/usr/include conftest.c >&5
configure:4840: $? = 0
configure:4841: result: yes
configure:4855: checking whether CC supports -Wextra
configure:4868: gcc-4.8 -c -Wextra  -D_GNU_SOURCE -I/usr/include -I/usr/include conftest.c >&5
configure:4868: $? = 0
configure:4869: result: yes
configure:4883: checking whether CC supports -MD -MT conftest.o -MF /dev/null -MP
configure:4896: gcc-4.8 -c -MD -MT conftest.o -MF /dev/null -MP  -D_GNU_SOURCE -I/usr/include -I/usr/include conftest.c >&5
configure:4896: $? = 0
configure:4897: result: yes
configure:4914: checking whether DESTDIR is /usr/lib/asterisk/modules
configure:4917: result: yes
configure:4933: checking for working memcmp
configure:4976: gcc-4.8 -o conftest -g -O2  -D_GNU_SOURCE -I/usr/include -I/usr/include  conftest.c  >&5
configure:4976: $? = 0
configure:4976: ./conftest
configure:4976: $? = 0
configure:4986: result: yes
configure:4998: checking for memchr
configure:4998: gcc-4.8 -o conftest -g -O2  -D_GNU_SOURCE -I/usr/include -I/usr/include  conftest.c  >&5
conftest.c:52:6: warning: conflicting types for built-in function 'memchr' [enabled by default]
 char memchr ();
      ^
configure:4998: $? = 0
configure:4998: result: yes
configure:4998: checking for memmove
configure:4998: gcc-4.8 -o conftest -g -O2  -D_GNU_SOURCE -I/usr/include -I/usr/include  conftest.c  >&5
conftest.c:53:6: warning: conflicting types for built-in function 'memmove' [enabled by default]
 char memmove ();
      ^
configure:4998: $? = 0
configure:4998: result: yes
configure:4998: checking for memset
configure:4998: gcc-4.8 -o conftest -g -O2  -D_GNU_SOURCE -I/usr/include -I/usr/include  conftest.c  >&5
conftest.c:54:6: warning: conflicting types for built-in function 'memset' [enabled by default]
 char memset ();
      ^
configure:4998: $? = 0
configure:4998: result: yes
configure:4998: checking for memmem
configure:4998: gcc-4.8 -o conftest -g -O2  -D_GNU_SOURCE -I/usr/include -I/usr/include  conftest.c  >&5
configure:4998: $? = 0
configure:4998: result: yes
configure:4998: checking for strcasecmp
configure:4998: gcc-4.8 -o conftest -g -O2  -D_GNU_SOURCE -I/usr/include -I/usr/include  conftest.c  >&5
conftest.c:56:6: warning: conflicting types for built-in function 'strcasecmp' [enabled by default]
 char strcasecmp ();
      ^
configure:4998: $? = 0
configure:4998: result: yes
configure:4998: checking for strchr
configure:4998: gcc-4.8 -o conftest -g -O2  -D_GNU_SOURCE -I/usr/include -I/usr/include  conftest.c  >&5
conftest.c:57:6: warning: conflicting types for built-in function 'strchr' [enabled by default]
 char strchr ();
      ^
configure:4998: $? = 0
configure:4998: result: yes
configure:4998: checking for strncasecmp
configure:4998: gcc-4.8 -o conftest -g -O2  -D_GNU_SOURCE -I/usr/include -I/usr/include  conftest.c  >&5
conftest.c:58:6: warning: conflicting types for built-in function 'strncasecmp' [enabled by default]
 char strncasecmp ();
      ^
configure:4998: $? = 0
configure:4998: result: yes
configure:4998: checking for strtol
configure:4998: gcc-4.8 -o conftest -g -O2  -D_GNU_SOURCE -I/usr/include -I/usr/include  conftest.c  >&5
configure:4998: $? = 0
configure:4998: result: yes
configure:4998: checking for realpath
configure:4998: gcc-4.8 -o conftest -g -O2  -D_GNU_SOURCE -I/usr/include -I/usr/include  conftest.c  >&5
configure:4998: $? = 0
configure:4998: result: yes
configure:5195: checking that generated files are newer than configure
configure:5201: result: done
configure:5224: creating ./config.status

## ---------------------- ##
## Running config.status. ##
## ---------------------- ##

This file was extended by chan_dongle config.status 1.1, which was
generated by GNU Autoconf 2.69.  Invocation command line was

  CONFIG_FILES    = 
  CONFIG_HEADERS  = 
  CONFIG_LINKS    = 
  CONFIG_COMMANDS = 
  $ ./config.status 

on g2

config.status:896: creating Makefile
config.status:896: creating config.h
config.status:1077: config.h is unchanged
config.status:1125: executing depfiles commands

## ---------------- ##
## Cache variables. ##
## ---------------- ##

ac_cv_build=i686-pc-linux-gnu
ac_cv_c_compiler_gnu=yes
ac_cv_c_const=yes
ac_cv_c_inline=inline
ac_cv_c_uint64_t=yes
ac_cv_env_CC_set=set
ac_cv_env_CC_value=gcc-4.8
ac_cv_env_CFLAGS_set=
ac_cv_env_CFLAGS_value=
ac_cv_env_CPPFLAGS_set=
ac_cv_env_CPPFLAGS_value=
ac_cv_env_CPP_set=
ac_cv_env_CPP_value=
ac_cv_env_LDFLAGS_set=
ac_cv_env_LDFLAGS_value=
ac_cv_env_LIBS_set=
ac_cv_env_LIBS_value=
ac_cv_env_build_alias_set=
ac_cv_env_build_alias_value=
ac_cv_env_host_alias_set=
ac_cv_env_host_alias_value=
ac_cv_env_target_alias_set=
ac_cv_env_target_alias_value=
ac_cv_func_memchr=yes
ac_cv_func_memcmp_working=yes
ac_cv_func_memmem=yes
ac_cv_func_memmove=yes
ac_cv_func_memset=yes
ac_cv_func_realpath=yes
ac_cv_func_strcasecmp=yes
ac_cv_func_strchr=yes
ac_cv_func_strncasecmp=yes
ac_cv_func_strtol=yes
ac_cv_header_asterisk_h=yes
ac_cv_header_fcntl_h=yes
ac_cv_header_iconv_h=yes
ac_cv_header_inttypes_h=yes
ac_cv_header_memory_h=yes
ac_cv_header_stdc=yes
ac_cv_header_stdint_h=yes
ac_cv_header_stdlib_h=yes
ac_cv_header_string_h=yes
ac_cv_header_strings_h=yes
ac_cv_header_sys_stat_h=yes
ac_cv_header_sys_time_h=yes
ac_cv_header_sys_types_h=yes
ac_cv_header_termios_h=yes
ac_cv_header_unistd_h=yes
ac_cv_host=i686-pc-linux-gnu
ac_cv_objext=o
ac_cv_path_EGREP='/bin/grep -E'
ac_cv_path_GREP=/bin/grep
ac_cv_path_install='/usr/bin/install -c'
ac_cv_path_mkdir=/bin/mkdir
ac_cv_prog_AWK=gawk
ac_cv_prog_CPP='gcc-4.8 -E'
ac_cv_prog_RM=rm
ac_cv_prog_STRIP=strip
ac_cv_prog_cc_c89=
ac_cv_prog_cc_g=yes
ac_cv_prog_make_make_set=yes
ac_cv_search_iconv='none required'
ac_cv_target=i686-pc-linux-gnu
ac_cv_type_size_t=yes
ac_cv_type_ssize_t=yes
am_cv_CC_dependencies_compiler_type=none
am_cv_make_support_nested_variables=yes
am_cv_prog_cc_c_o=yes

## ----------------- ##
## Output variables. ##
## ----------------- ##

ACLOCAL='aclocal-1.15'
AC_CFLAGS=' -fvisibility=hidden -fPIC -Wall -Wextra -MD -MT $@ -MF .$(subst /,_,$@).d -MP'
AMDEPBACKSLASH='\'
AMDEP_FALSE='#'
AMDEP_TRUE=''
AMTAR='$${TAR-tar}'
AM_BACKSLASH='\'
AM_DEFAULT_V='$(AM_DEFAULT_VERBOSITY)'
AM_DEFAULT_VERBOSITY='1'
AM_V='$(V)'
AUTOCONF='autoconf'
AUTOHEADER='autoheader'
AUTOMAKE='automake-1.15'
AWK='gawk'
CC='gcc-4.8'
CCDEPMODE='depmode=none'
CFLAGS='-g -O2 -O6'
CPP='gcc-4.8 -E'
CPPFLAGS=' -D_GNU_SOURCE -I/usr/include -I/usr/include'
CYGPATH_W='echo'
DEFS='-DHAVE_CONFIG_H'
DEPDIR='.deps'
DESTDIR='/usr/lib/asterisk/modules'
ECHO_C=''
ECHO_N='-n'
ECHO_T=''
EGREP='/bin/grep -E'
EXEEXT=''
GREP='/bin/grep'
INSTALL_DATA='${INSTALL} -m 644'
INSTALL_PROGRAM='${INSTALL}'
INSTALL_SCRIPT='${INSTALL}'
INSTALL_STRIP_PROGRAM='$(install_sh) -c -s'
LDFLAGS=' '
LIBOBJS=''
LIBS=''
LTLIBOBJS=''
MAKEINFO='makeinfo'
MKDIR_P='/bin/mkdir -p'
OBJEXT='o'
PACKAGE='chan_dongle'
PACKAGE_BUGREPORT='http://code.google.com/p/asterisk-chan-dongle/issues/list'
PACKAGE_NAME='chan_dongle'
PACKAGE_REVISION='13'
PACKAGE_STRING='chan_dongle 1.1'
PACKAGE_TARNAME='chan_dongle'
PACKAGE_URL='http://code.google.com/p/asterisk-chan-dongle'
PACKAGE_VERSION='1.1'
PATH_SEPARATOR=':'
RM='rm'
SET_MAKE=''
SHELL='/bin/bash'
SOLINK='-shared -Xlinker -x'
STRIP='strip'
TARGET='chan_dongle.so'
VERSION='1.1'
ac_ct_CC=''
am__EXEEXT_FALSE=''
am__EXEEXT_TRUE='#'
am__fastdepCC_FALSE=''
am__fastdepCC_TRUE='#'
am__include='include'
am__isrc=''
am__leading_dot='.'
am__nodep='_no'
am__quote=''
am__tar='$${TAR-tar} chof - "$$tardir"'
am__untar='$${TAR-tar} xf -'
bindir='${exec_prefix}/bin'
build='i686-pc-linux-gnu'
build_alias=''
build_cpu='i686'
build_os='linux-gnu'
build_vendor='pc'
datadir='${datarootdir}'
datarootdir='${prefix}/share'
docdir='${datarootdir}/doc/${PACKAGE_TARNAME}'
dvidir='${docdir}'
exec_prefix='${prefix}'
host='i686-pc-linux-gnu'
host_alias=''
host_cpu='i686'
host_os='linux-gnu'
host_vendor='pc'
htmldir='${docdir}'
includedir='${prefix}/include'
infodir='${datarootdir}/info'
install_sh='${SHELL} /usr/simbox/svistok-aa/install-sh'
libdir='${exec_prefix}/lib'
libexecdir='${exec_prefix}/libexec'
localedir='${datarootdir}/locale'
localstatedir='${prefix}/var'
mandir='${datarootdir}/man'
mkdir_p='$(MKDIR_P)'
oldincludedir='/usr/include'
pdfdir='${docdir}'
prefix='/usr/local'
program_transform_name='s,x,x,'
psdir='${docdir}'
runstatedir='${localstatedir}/run'
sbindir='${exec_prefix}/sbin'
sharedstatedir='${prefix}/com'
sysconfdir='${prefix}/etc'
target='i686-pc-linux-gnu'
target_alias=''
target_cpu='i686'
target_os='linux-gnu'
target_vendor='pc'

## ----------- ##
## confdefs.h. ##
## ----------- ##

/* confdefs.h */
#define PACKAGE_NAME "chan_dongle"
#define PACKAGE_TARNAME "chan_dongle"
#define PACKAGE_VERSION "1.1"
#define PACKAGE_STRING "chan_dongle 1.1"
#define PACKAGE_BUGREPORT "http://code.google.com/p/asterisk-chan-dongle/issues/list"
#define PACKAGE_URL "http://code.google.com/p/asterisk-chan-dongle"
#define PACKAGE "chan_dongle"
#define VERSION "1.1"
#define STDC_HEADERS 1
#define HAVE_SYS_TYPES_H 1
#define HAVE_SYS_STAT_H 1
#define HAVE_STDLIB_H 1
#define HAVE_STRING_H 1
#define HAVE_MEMORY_H 1
#define HAVE_STRINGS_H 1
#define HAVE_INTTYPES_H 1
#define HAVE_STDINT_H 1
#define HAVE_UNISTD_H 1
#define HAVE_FCNTL_H 1
#define HAVE_STDLIB_H 1
#define HAVE_STRING_H 1
#define HAVE_SYS_TIME_H 1
#define HAVE_TERMIOS_H 1
#define ICONV_CONST /**/
#define ICONV_T iconv_t
#define HAVE_AST_CONTROL_SRCCHANGE /**/
#define HAVE_MEMCHR 1
#define HAVE_MEMMOVE 1
#define HAVE_MEMSET 1
#define HAVE_MEMMEM 1
#define HAVE_STRCASECMP 1
#define HAVE_STRCHR 1
#define HAVE_STRNCASECMP 1
#define HAVE_STRTOL 1
#define HAVE_REALPATH 1
#define BUILD_MANAGER 1
#define BUILD_APPLICATIONS 1
#define MODULE_BUGREPORT "http://code.google.com/p/asterisk-chan-dongle/issues/list"
#define MODULE_URL "http://code.google.com/p/asterisk-chan-dongle"
#define MODULE_VERSION "1.1"
#define AST_MODULE "chan_dongle"
#define PACKAGE_REVISION "13"

configure: exit 0

## ---------------------- ##
## Running config.status. ##
## ---------------------- ##

This file was extended by chan_dongle config.status 1.1, which was
generated by GNU Autoconf 2.69.  Invocation command line was

  CONFIG_FILES    = 
  CONFIG_HEADERS  = 
  CONFIG_LINKS    = 
  CONFIG_COMMANDS = 
  $ ./config.status 

on g2

config.status:896: creating Makefile
config.status:896: creating config.h
config.status:1077: config.h is unchanged
config.status:1125: executing depfiles commands

## ---------------------- ##
## Running config.status. ##
## ---------------------- ##

This file was extended by chan_dongle config.status 1.1, which was
generated by GNU Autoconf 2.69.  Invocation command line was

  CONFIG_FILES    = 
  CONFIG_HEADERS  = 
  CONFIG_LINKS    = 
  CONFIG_COMMANDS = 
  $ ./config.status 

on g2

config.status:896: creating Makefile
config.status:896: creating config.h
config.status:1077: config.h is unchanged
config.status:1125: executing depfiles commands

## ---------------------- ##
## Running config.status. ##
## ---------------------- ##

This file was extended by chan_dongle config.status 1.1, which was
generated by GNU Autoconf 2.69.  Invocation command line was

  CONFIG_FILES    = 
  CONFIG_HEADERS  = 
  CONFIG_LINKS    = 
  CONFIG_COMMANDS = 
  $ ./config.status 

on g2

config.status:896: creating Makefile
config.status:896: creating config.h
config.status:1077: config.h is unchanged
config.status:1125: executing depfiles commands

## ---------------------- ##
## Running config.status. ##
## ---------------------- ##

This file was extended by chan_dongle config.status 1.1, which was
generated by GNU Autoconf 2.69.  Invocation command line was

  CONFIG_FILES    = 
  CONFIG_HEADERS  = 
  CONFIG_LINKS    = 
  CONFIG_COMMANDS = 
  $ ./config.status 

on g2

config.status:896: creating Makefile
config.status:896: creating config.h
config.status:1077: config.h is unchanged
config.status:1125: executing depfiles commands

## ---------------------- ##
## Running config.status. ##
## ---------------------- ##

This file was extended by chan_dongle config.status 1.1, which was
generated by GNU Autoconf 2.69.  Invocation command line was

  CONFIG_FILES    = 
  CONFIG_HEADERS  = 
  CONFIG_LINKS    = 
  CONFIG_COMMANDS = 
  $ ./config.status 

on g2

config.status:896: creating Makefile
config.status:896: creating config.h
config.status:1077: config.h is unchanged
config.status:1125: executing depfiles commands

## ---------------------- ##
## Running config.status. ##
## ---------------------- ##

This file was extended by chan_dongle config.status 1.1, which was
generated by GNU Autoconf 2.69.  Invocation command line was

  CONFIG_FILES    = 
  CONFIG_HEADERS  = 
  CONFIG_LINKS    = 
  CONFIG_COMMANDS = 
  $ ./config.status 

on g2

config.status:896: creating Makefile
config.status:896: creating config.h
config.status:1077: config.h is unchanged
config.status:1125: executing depfiles commands

## ---------------------- ##
## Running config.status. ##
## ---------------------- ##

This file was extended by chan_dongle config.status 1.1, which was
generated by GNU Autoconf 2.69.  Invocation command line was

  CONFIG_FILES    = 
  CONFIG_HEADERS  = 
  CONFIG_LINKS    = 
  CONFIG_COMMANDS = 
  $ ./config.status 

on g2

config.status:896: creating Makefile
config.status:896: creating config.h
config.status:1077: config.h is unchanged
config.status:1125: executing depfiles commands

## ---------------------- ##
## Running config.status. ##
## ---------------------- ##

This file was extended by chan_dongle config.status 1.1, which was
generated by GNU Autoconf 2.69.  Invocation command line was

  CONFIG_FILES    = 
  CONFIG_HEADERS  = 
  CONFIG_LINKS    = 
  CONFIG_COMMANDS = 
  $ ./config.status 

on g2

config.status:896: creating Makefile
config.status:896: creating config.h
config.status:1077: config.h is unchanged
config.status:1125: executing depfiles commands

## ---------------------- ##
## Running config.status. ##
## ---------------------- ##

This file was extended by chan_dongle config.status 1.1, which was
generated by GNU Autoconf 2.69.  Invocation command line was

  CONFIG_FILES    = 
  CONFIG_HEADERS  = 
  CONFIG_LINKS    = 
  CONFIG_COMMANDS = 
  $ ./config.status 

on g2

config.status:896: creating Makefile
config.status:896: creating config.h
config.status:1077: config.h is unchanged
config.status:1125: executing depfiles commands

## ---------------------- ##
## Running config.status. ##
## ---------------------- ##

This file was extended by chan_dongle config.status 1.1, which was
generated by GNU Autoconf 2.69.  Invocation command line was

  CONFIG_FILES    = 
  CONFIG_HEADERS  = 
  CONFIG_LINKS    = 
  CONFIG_COMMANDS = 
  $ ./config.status 

on g2

config.status:896: creating Makefile
config.status:896: creating config.h
config.status:1077: config.h is unchanged
config.status:1125: executing depfiles commands

## ---------------------- ##
## Running config.status. ##
## ---------------------- ##

This file was extended by chan_dongle config.status 1.1, which was
generated by GNU Autoconf 2.69.  Invocation command line was

  CONFIG_FILES    = 
  CONFIG_HEADERS  = 
  CONFIG_LINKS    = 
  CONFIG_COMMANDS = 
  $ ./config.status 

on g2

config.status:896: creating Makefile
config.status:896: creating config.h
config.status:1077: config.h is unchanged
config.status:1125: executing depfiles commands

## ---------------------- ##
## Running config.status. ##
## ---------------------- ##

This file was extended by chan_dongle config.status 1.1, which was
generated by GNU Autoconf 2.69.  Invocation command line was

  CONFIG_FILES    = 
  CONFIG_HEADERS  = 
  CONFIG_LINKS    = 
  CONFIG_COMMANDS = 
  $ ./config.status 

on g2

config.status:896: creating Makefile
config.status:896: creating config.h
config.status:1077: config.h is unchanged
config.status:1125: executing depfiles commands

## ---------------------- ##
## Running config.status. ##
## ---------------------- ##

This file was extended by chan_dongle config.status 1.1, which was
generated by GNU Autoconf 2.69.  Invocation command line was

  CONFIG_FILES    = 
  CONFIG_HEADERS  = 
  CONFIG_LINKS    = 
  CONFIG_COMMANDS = 
  $ ./config.status 

on g2

config.status:896: creating Makefile
config.status:896: creating config.h
config.status:1077: config.h is unchanged
config.status:1125: executing depfiles commands

## ---------------------- ##
## Running config.status. ##
## ---------------------- ##

This file was extended by chan_dongle config.status 1.1, which was
generated by GNU Autoconf 2.69.  Invocation command line was

  CONFIG_FILES    = 
  CONFIG_HEADERS  = 
  CONFIG_LINKS    = 
  CONFIG_COMMANDS = 
  $ ./config.status 

on g2

config.status:896: creating Makefile
config.status:896: creating config.h
config.status:1077: config.h is unchanged
config.status:1125: executing depfiles commands

## ---------------------- ##
## Running config.status. ##
## ---------------------- ##

This file was extended by chan_dongle config.status 1.1, which was
generated by GNU Autoconf 2.69.  Invocation command line was

  CONFIG_FILES    = 
  CONFIG_HEADERS  = 
  CONFIG_LINKS    = 
  CONFIG_COMMANDS = 
  $ ./config.status 

on g2

config.status:896: creating Makefile
config.status:896: creating config.h
config.status:1077: config.h is unchanged
config.status:1125: executing depfiles commands

## ---------------------- ##
## Running config.status. ##
## ---------------------- ##

This file was extended by chan_dongle config.status 1.1, which was
generated by GNU Autoconf 2.69.  Invocation command line was

  CONFIG_FILES    = 
  CONFIG_HEADERS  = 
  CONFIG_LINKS    = 
  CONFIG_COMMANDS = 
  $ ./config.status 

on g2

config.status:896: creating Makefile
config.status:896: creating config.h
config.status:1077: config.h is unchanged
config.status:1125: executing depfiles commands
